<?xml version="1.0" encoding="UTF-8"?>
<!-- Generated by org.testng.reporters.JUnitReportReporter -->
<testsuite hostname="LAPTOP-KJ05BKS0" failures="0" tests="1" name="tests.GetAndPostExamples" time="1.888" errors="0" timestamp="2022-08-22T20:09:46 IST" skipped="0">
  <testcase classname="tests.GetAndPostExamples" name="testPost" time="1.888"/>
  <system-out/>
</testsuite> <!-- tests.GetAndPostExamples -->
