<?xml version="1.0" encoding="UTF-8"?>
<!-- Generated by org.testng.reporters.JUnitReportReporter -->
<testsuite hostname="LAPTOP-KJ05BKS0" failures="0" tests="3" name="tests.PutPatchDeleteExamples" time="3.455" errors="0" timestamp="2022-08-22T20:37:58 IST" skipped="0">
  <testcase classname="tests.PutPatchDeleteExamples" name="testDelete" time="2.138"/>
  <system-out/>
  <testcase classname="tests.PutPatchDeleteExamples" name="testPatch" time="0.691"/>
  <system-out/>
  <testcase classname="tests.PutPatchDeleteExamples" name="testPut" time="0.626"/>
  <system-out/>
</testsuite> <!-- tests.PutPatchDeleteExamples -->
